#
# There is insufficient memory for the Java Runtime Environment to continue.
# Cannot create GC thread. Out of system resources.
# Possible reasons:
#   The system is out of physical RAM or swap space
#   In 32 bit mode, the process size limit was hit
# Possible solutions:
#   Reduce memory load on the system
#   Increase physical memory or swap space
#   Check if swap backing store is full
#   Use 64 bit Java on a 64 bit OS
#   Decrease Java heap size (-Xmx/-Xms)
#   Decrease number of Java threads
#   Decrease Java thread stack sizes (-Xss)
#   Set larger code cache with -XX:ReservedCodeCacheSize=
# This output file may be truncated or incomplete.
#
#  Out of Memory Error (gcTaskThread.cpp:48), pid=10156, tid=140626079368960
#
# JRE version:  (8.0_45-b14) (build )
# Java VM: Java HotSpot(TM) 64-Bit Server VM (25.45-b02 mixed mode linux-amd64 compressed oops)
# Failed to write core dump. Core dumps have been disabled. To enable core dumping, try "ulimit -c unlimited" before starting Java again
#

---------------  T H R E A D  ---------------

Current thread (0x00007fe608022000):  JavaThread "Unknown thread" [_thread_in_vm, id=10157, stack(0x00007fe60f71c000,0x00007fe60f81d000)]

Stack: [0x00007fe60f71c000,0x00007fe60f81d000],  sp=0x00007fe60f81b5e0,  free space=1021k
Native frames: (J=compiled Java code, j=interpreted, Vv=VM code, C=native code)
V  [libjvm.so+0xaac99a]  VMError::report_and_die()+0x2ba
V  [libjvm.so+0x4f333b]  report_vm_out_of_memory(char const*, int, unsigned long, VMErrorType, char const*)+0x8b
V  [libjvm.so+0x5caf3f]  GCTaskThread::GCTaskThread(GCTaskManager*, unsigned int, unsigned int)+0x15f
V  [libjvm.so+0x5c974b]  GCTaskManager::initialize()+0x3ab
V  [libjvm.so+0x93188d]  ParallelScavengeHeap::initialize()+0x34d
V  [libjvm.so+0xa75aab]  Universe::initialize_heap()+0xfb
V  [libjvm.so+0xa75e1e]  universe_init()+0x3e
V  [libjvm.so+0x62f635]  init_globals()+0x65
V  [libjvm.so+0xa5a02e]  Threads::create_vm(JavaVMInitArgs*, bool*)+0x23e
V  [libjvm.so+0x6c3244]  JNI_CreateJavaVM+0x74
C  [libjli.so+0x745e]  JavaMain+0x9e
C  [libpthread.so.0+0x83a4]


---------------  P R O C E S S  ---------------

Java Threads: ( => current thread )

Other Threads:

=>0x00007fe608022000 (exited) JavaThread "Unknown thread" [_thread_in_vm, id=10157, stack(0x00007fe60f71c000,0x00007fe60f81d000)]

VM state:not at safepoint (not fully initialized)

VM Mutex/Monitor currently owned by a thread: None

GC Heap History (0 events):
No events

Deoptimization events (0 events):
No events

Internal exceptions (0 events):
No events

Events (0 events):
No events


Dynamic libraries:
00400000-00401000 r-xp 00000000 fc:02 2360717                            /opt/oracle-jdk-bin-1.8.0.45/bin/javac
00600000-00601000 rw-p 00000000 fc:02 2360717                            /opt/oracle-jdk-bin-1.8.0.45/bin/javac
00601000-00622000 rw-p 00000000 00:00 0                                  [heap]
c3600000-c3b80000 rw-p 00000000 00:00 0 
c3b80000-ebd00000 ---p 00000000 00:00 0 
ebd00000-ebf80000 rw-p 00000000 00:00 0 
ebf80000-100000000 ---p 00000000 00:00 0 
7fe5f6be3000-7fe5f6e67000 rw-p 00000000 00:00 0 
7fe5f6e67000-7fe5f6e68000 ---p 00000000 00:00 0 
7fe5f6e68000-7fe5f6f6b000 rw-p 00000000 00:00 0 
7fe5f6f6b000-7fe5f70ac000 ---p 00000000 00:00 0 
7fe5f70ac000-7fe5f70af000 rw-p 00000000 00:00 0 
7fe5f70af000-7fe5f71ef000 ---p 00000000 00:00 0 
7fe5f71ef000-7fe5f71f1000 rw-p 00000000 00:00 0 
7fe5f71f1000-7fe5f7291000 ---p 00000000 00:00 0 
7fe5f7291000-7fe5f729c000 rw-p 00000000 00:00 0 
7fe5f729c000-7fe5f7652000 ---p 00000000 00:00 0 
7fe5f7652000-7fe5f78c2000 rwxp 00000000 00:00 0 
7fe5f78c2000-7fe606652000 ---p 00000000 00:00 0 
7fe606652000-7fe60666c000 r-xp 00000000 fc:02 2360444                    /opt/oracle-jdk-bin-1.8.0.45/jre/lib/amd64/libzip.so
7fe60666c000-7fe60686c000 ---p 0001a000 fc:02 2360444                    /opt/oracle-jdk-bin-1.8.0.45/jre/lib/amd64/libzip.so
7fe60686c000-7fe60686d000 rw-p 0001a000 fc:02 2360444                    /opt/oracle-jdk-bin-1.8.0.45/jre/lib/amd64/libzip.so
7fe60686d000-7fe606872000 r-xp 00000000 08:02 262528                     /lib64/libnss_dns-2.20.so
7fe606872000-7fe606a71000 ---p 00005000 08:02 262528                     /lib64/libnss_dns-2.20.so
7fe606a71000-7fe606a72000 r--p 00004000 08:02 262528                     /lib64/libnss_dns-2.20.so
7fe606a72000-7fe606a73000 rw-p 00005000 08:02 262528                     /lib64/libnss_dns-2.20.so
7fe606a73000-7fe606a88000 r-xp 00000000 08:02 262555                     /lib64/libz.so.1.2.8
7fe606a88000-7fe606c87000 ---p 00015000 08:02 262555                     /lib64/libz.so.1.2.8
7fe606c87000-7fe606c88000 r--p 00014000 08:02 262555                     /lib64/libz.so.1.2.8
7fe606c88000-7fe606c89000 rw-p 00015000 08:02 262555                     /lib64/libz.so.1.2.8
7fe606c89000-7fe606c8c000 r-xp 00000000 08:02 262554                     /lib64/libkeyutils.so.1.5
7fe606c8c000-7fe606e8b000 ---p 00003000 08:02 262554                     /lib64/libkeyutils.so.1.5
7fe606e8b000-7fe606e8c000 r--p 00002000 08:02 262554                     /lib64/libkeyutils.so.1.5
7fe606e8c000-7fe606e8d000 rw-p 00003000 08:02 262554                     /lib64/libkeyutils.so.1.5
7fe606e8d000-7fe606e98000 r-xp 00000000 fc:01 802960                     /usr/lib64/libkrb5support.so.0.1
7fe606e98000-7fe607097000 ---p 0000b000 fc:01 802960                     /usr/lib64/libkrb5support.so.0.1
7fe607097000-7fe607098000 r--p 0000a000 fc:01 802960                     /usr/lib64/libkrb5support.so.0.1
7fe607098000-7fe607099000 rw-p 0000b000 fc:01 802960                     /usr/lib64/libkrb5support.so.0.1
7fe607099000-7fe60709c000 r-xp 00000000 08:02 262512                     /lib64/libcom_err.so.2.1
7fe60709c000-7fe60729b000 ---p 00003000 08:02 262512                     /lib64/libcom_err.so.2.1
7fe60729b000-7fe60729c000 r--p 00002000 08:02 262512                     /lib64/libcom_err.so.2.1
7fe60729c000-7fe60729d000 rw-p 00003000 08:02 262512                     /lib64/libcom_err.so.2.1
7fe60729d000-7fe6072cb000 r-xp 00000000 fc:01 802741                     /usr/lib64/libk5crypto.so.3.1
7fe6072cb000-7fe6074ca000 ---p 0002e000 fc:01 802741                     /usr/lib64/libk5crypto.so.3.1
7fe6074ca000-7fe6074cc000 r--p 0002d000 fc:01 802741                     /usr/lib64/libk5crypto.so.3.1
7fe6074cc000-7fe6074cd000 rw-p 0002f000 fc:01 802741                     /usr/lib64/libk5crypto.so.3.1
7fe6074cd000-7fe6074ce000 rw-p 00000000 00:00 0 
7fe6074ce000-7fe607592000 r-xp 00000000 fc:01 802742                     /usr/lib64/libkrb5.so.3.3
7fe607592000-7fe607791000 ---p 000c4000 fc:01 802742                     /usr/lib64/libkrb5.so.3.3
7fe607791000-7fe60779e000 r--p 000c3000 fc:01 802742                     /usr/lib64/libkrb5.so.3.3
7fe60779e000-7fe6077a1000 rw-p 000d0000 fc:01 802742                     /usr/lib64/libkrb5.so.3.3
7fe6077a1000-7fe60794a000 r-xp 00000000 fc:01 792669                     /usr/lib64/libcrypto.so.1.0.0
7fe60794a000-7fe607b4a000 ---p 001a9000 fc:01 792669                     /usr/lib64/libcrypto.so.1.0.0
7fe607b4a000-7fe607b64000 r--p 001a9000 fc:01 792669                     /usr/lib64/libcrypto.so.1.0.0
7fe607b64000-7fe607b6f000 rw-p 001c3000 fc:01 792669                     /usr/lib64/libcrypto.so.1.0.0
7fe607b6f000-7fe607b73000 rw-p 00000000 00:00 0 
7fe607b73000-7fe607bd9000 r-xp 00000000 fc:01 802958                     /usr/lib64/libssl.so.1.0.0
7fe607bd9000-7fe607dd8000 ---p 00066000 fc:01 802958                     /usr/lib64/libssl.so.1.0.0
7fe607dd8000-7fe607ddc000 r--p 00065000 fc:01 802958                     /usr/lib64/libssl.so.1.0.0
7fe607ddc000-7fe607de3000 rw-p 00069000 fc:01 802958                     /usr/lib64/libssl.so.1.0.0
7fe607de3000-7fe607dff000 r-xp 00000000 fc:01 789395                     /usr/lib64/libsasl2.so.3.0.0
7fe607dff000-7fe607ffe000 ---p 0001c000 fc:01 789395                     /usr/lib64/libsasl2.so.3.0.0
7fe607ffe000-7fe607fff000 r--p 0001b000 fc:01 789395                     /usr/lib64/libsasl2.so.3.0.0
7fe607fff000-7fe608000000 rw-p 0001c000 fc:01 789395                     /usr/lib64/libsasl2.so.3.0.0
7fe608000000-7fe608046000 rw-p 00000000 00:00 0 
7fe608046000-7fe60c000000 ---p 00000000 00:00 0 
7fe60c052000-7fe60c065000 r-xp 00000000 08:02 262529                     /lib64/libresolv-2.20.so
7fe60c065000-7fe60c265000 ---p 00013000 08:02 262529                     /lib64/libresolv-2.20.so
7fe60c265000-7fe60c266000 r--p 00013000 08:02 262529                     /lib64/libresolv-2.20.so
7fe60c266000-7fe60c267000 rw-p 00014000 08:02 262529                     /lib64/libresolv-2.20.so
7fe60c267000-7fe60c269000 rw-p 00000000 00:00 0 
7fe60c269000-7fe60c2af000 r-xp 00000000 fc:01 794804                     /usr/lib64/libgssapi_krb5.so.2.2
7fe60c2af000-7fe60c4af000 ---p 00046000 fc:01 794804                     /usr/lib64/libgssapi_krb5.so.2.2
7fe60c4af000-7fe60c4b0000 r--p 00046000 fc:01 794804                     /usr/lib64/libgssapi_krb5.so.2.2
7fe60c4b0000-7fe60c4b2000 rw-p 00047000 fc:01 794804                     /usr/lib64/libgssapi_krb5.so.2.2
7fe60c4b2000-7fe60c4c0000 r-xp 00000000 fc:01 789561                     /usr/lib64/liblber-2.4.so.2.10.1
7fe60c4c0000-7fe60c6bf000 ---p 0000e000 fc:01 789561                     /usr/lib64/liblber-2.4.so.2.10.1
7fe60c6bf000-7fe60c6c0000 r--p 0000d000 fc:01 789561                     /usr/lib64/liblber-2.4.so.2.10.1
7fe60c6c0000-7fe60c6c1000 rw-p 0000e000 fc:01 789561                     /usr/lib64/liblber-2.4.so.2.10.1
7fe60c6c1000-7fe60c70b000 r-xp 00000000 fc:01 789559                     /usr/lib64/libldap-2.4.so.2.10.1
7fe60c70b000-7fe60c90a000 ---p 0004a000 fc:01 789559                     /usr/lib64/libldap-2.4.so.2.10.1
7fe60c90a000-7fe60c90b000 r--p 00049000 fc:01 789559                     /usr/lib64/libldap-2.4.so.2.10.1
7fe60c90b000-7fe60c90d000 rw-p 0004a000 fc:01 789559                     /usr/lib64/libldap-2.4.so.2.10.1
7fe60c90d000-7fe60c921000 r-xp 00000000 08:02 262624                     /lib64/libnss_ldap-2.20.so
7fe60c921000-7fe60cb20000 ---p 00014000 08:02 262624                     /lib64/libnss_ldap-2.20.so
7fe60cb20000-7fe60cb21000 r--p 00013000 08:02 262624                     /lib64/libnss_ldap-2.20.so
7fe60cb21000-7fe60cb22000 rw-p 00014000 08:02 262624                     /lib64/libnss_ldap-2.20.so
7fe60cb22000-7fe60cb2d000 rw-p 00000000 00:00 0 
7fe60cb2d000-7fe60cb38000 r-xp 00000000 08:02 261376                     /lib64/libnss_files-2.20.so
7fe60cb38000-7fe60cd37000 ---p 0000b000 08:02 261376                     /lib64/libnss_files-2.20.so
7fe60cd37000-7fe60cd38000 r--p 0000a000 08:02 261376                     /lib64/libnss_files-2.20.so
7fe60cd38000-7fe60cd39000 rw-p 0000b000 08:02 261376                     /lib64/libnss_files-2.20.so
7fe60cd39000-7fe60cd43000 r-xp 00000000 08:02 261343                     /lib64/libnss_nis-2.20.so
7fe60cd43000-7fe60cf42000 ---p 0000a000 08:02 261343                     /lib64/libnss_nis-2.20.so
7fe60cf42000-7fe60cf43000 r--p 00009000 08:02 261343                     /lib64/libnss_nis-2.20.so
7fe60cf43000-7fe60cf44000 rw-p 0000a000 08:02 261343                     /lib64/libnss_nis-2.20.so
7fe60cf44000-7fe60cf58000 r-xp 00000000 08:02 262515                     /lib64/libnsl-2.20.so
7fe60cf58000-7fe60d158000 ---p 00014000 08:02 262515                     /lib64/libnsl-2.20.so
7fe60d158000-7fe60d159000 r--p 00014000 08:02 262515                     /lib64/libnsl-2.20.so
7fe60d159000-7fe60d15a000 rw-p 00015000 08:02 262515                     /lib64/libnsl-2.20.so
7fe60d15a000-7fe60d15c000 rw-p 00000000 00:00 0 
7fe60d15c000-7fe60d163000 r-xp 00000000 08:02 262532                     /lib64/libnss_compat-2.20.so
7fe60d163000-7fe60d362000 ---p 00007000 08:02 262532                     /lib64/libnss_compat-2.20.so
7fe60d362000-7fe60d363000 r--p 00006000 08:02 262532                     /lib64/libnss_compat-2.20.so
7fe60d363000-7fe60d364000 rw-p 00007000 08:02 262532                     /lib64/libnss_compat-2.20.so
7fe60d364000-7fe60d38e000 r-xp 00000000 fc:02 2360495                    /opt/oracle-jdk-bin-1.8.0.45/jre/lib/amd64/libjava.so
7fe60d38e000-7fe60d58e000 ---p 0002a000 fc:02 2360495                    /opt/oracle-jdk-bin-1.8.0.45/jre/lib/amd64/libjava.so
7fe60d58e000-7fe60d590000 rw-p 0002a000 fc:02 2360495                    /opt/oracle-jdk-bin-1.8.0.45/jre/lib/amd64/libjava.so
7fe60d590000-7fe60d59d000 r-xp 00000000 fc:02 2360505                    /opt/oracle-jdk-bin-1.8.0.45/jre/lib/amd64/libverify.so
7fe60d59d000-7fe60d79d000 ---p 0000d000 fc:02 2360505                    /opt/oracle-jdk-bin-1.8.0.45/jre/lib/amd64/libverify.so
7fe60d79d000-7fe60d79f000 rw-p 0000d000 fc:02 2360505                    /opt/oracle-jdk-bin-1.8.0.45/jre/lib/amd64/libverify.so
7fe60d79f000-7fe60d7a6000 r-xp 00000000 08:02 262533                     /lib64/librt-2.20.so
7fe60d7a6000-7fe60d9a5000 ---p 00007000 08:02 262533                     /lib64/librt-2.20.so
7fe60d9a5000-7fe60d9a6000 r--p 00006000 08:02 262533                     /lib64/librt-2.20.so
7fe60d9a6000-7fe60d9a7000 rw-p 00007000 08:02 262533                     /lib64/librt-2.20.so
7fe60d9a7000-7fe60daa7000 r-xp 00000000 08:02 262530                     /lib64/libm-2.20.so
7fe60daa7000-7fe60dca6000 ---p 00100000 08:02 262530                     /lib64/libm-2.20.so
7fe60dca6000-7fe60dca7000 r--p 000ff000 08:02 262530                     /lib64/libm-2.20.so
7fe60dca7000-7fe60dca8000 rw-p 00100000 08:02 262530                     /lib64/libm-2.20.so
7fe60dca8000-7fe60e956000 r-xp 00000000 fc:02 2360502                    /opt/oracle-jdk-bin-1.8.0.45/jre/lib/amd64/server/libjvm.so
7fe60e956000-7fe60eb55000 ---p 00cae000 fc:02 2360502                    /opt/oracle-jdk-bin-1.8.0.45/jre/lib/amd64/server/libjvm.so
7fe60eb55000-7fe60ec2c000 rw-p 00cad000 fc:02 2360502                    /opt/oracle-jdk-bin-1.8.0.45/jre/lib/amd64/server/libjvm.so
7fe60ec2c000-7fe60ec70000 rw-p 00000000 00:00 0 
7fe60ec70000-7fe60edff000 r-xp 00000000 08:02 262527                     /lib64/libc-2.20.so
7fe60edff000-7fe60effe000 ---p 0018f000 08:02 262527                     /lib64/libc-2.20.so
7fe60effe000-7fe60f002000 r--p 0018e000 08:02 262527                     /lib64/libc-2.20.so
7fe60f002000-7fe60f004000 rw-p 00192000 08:02 262527                     /lib64/libc-2.20.so
7fe60f004000-7fe60f008000 rw-p 00000000 00:00 0 
7fe60f008000-7fe60f00a000 r-xp 00000000 08:02 262516                     /lib64/libdl-2.20.so
7fe60f00a000-7fe60f20a000 ---p 00002000 08:02 262516                     /lib64/libdl-2.20.so
7fe60f20a000-7fe60f20b000 r--p 00002000 08:02 262516                     /lib64/libdl-2.20.so
7fe60f20b000-7fe60f20c000 rw-p 00003000 08:02 262516                     /lib64/libdl-2.20.so
7fe60f20c000-7fe60f221000 r-xp 00000000 fc:02 2362005                    /opt/oracle-jdk-bin-1.8.0.45/lib/amd64/jli/libjli.so
7fe60f221000-7fe60f421000 ---p 00015000 fc:02 2362005                    /opt/oracle-jdk-bin-1.8.0.45/lib/amd64/jli/libjli.so
7fe60f421000-7fe60f422000 rw-p 00015000 fc:02 2362005                    /opt/oracle-jdk-bin-1.8.0.45/lib/amd64/jli/libjli.so
7fe60f422000-7fe60f438000 r-xp 00000000 08:02 262524                     /lib64/libpthread-2.20.so
7fe60f438000-7fe60f637000 ---p 00016000 08:02 262524                     /lib64/libpthread-2.20.so
7fe60f637000-7fe60f638000 r--p 00015000 08:02 262524                     /lib64/libpthread-2.20.so
7fe60f638000-7fe60f639000 rw-p 00016000 08:02 262524                     /lib64/libpthread-2.20.so
7fe60f639000-7fe60f63d000 rw-p 00000000 00:00 0 
7fe60f63d000-7fe60f65e000 r-xp 00000000 08:02 262534                     /lib64/ld-2.20.so
7fe60f71c000-7fe60f71f000 ---p 00000000 00:00 0 
7fe60f71f000-7fe60f821000 rw-p 00000000 00:00 0                          [stack:10157]
7fe60f84f000-7fe60f852000 rw-p 00000000 00:00 0 
7fe60f852000-7fe60f85a000 rw-s 00000000 fc:05 131092                     /tmp/hsperfdata_2015jpark/10156
7fe60f85a000-7fe60f85b000 rw-p 00000000 00:00 0 
7fe60f85b000-7fe60f85c000 r--p 00000000 00:00 0 
7fe60f85c000-7fe60f85d000 rw-p 00000000 00:00 0 
7fe60f85d000-7fe60f85e000 r--p 00020000 08:02 262534                     /lib64/ld-2.20.so
7fe60f85e000-7fe60f85f000 rw-p 00021000 08:02 262534                     /lib64/ld-2.20.so
7fe60f85f000-7fe60f860000 rw-p 00000000 00:00 0 
7ffe51b59000-7ffe51b7a000 rw-p 00000000 00:00 0                          [stack]
7ffe51be4000-7ffe51be5000 r-xp 00000000 00:00 0                          [vdso]
ffffffffff600000-ffffffffff601000 r-xp 00000000 00:00 0                  [vsyscall]

VM Arguments:
jvm_args: -Denv.class.path=.:::/usr/share/jgrasp/extensions/classes -Dapplication.home=/opt/oracle-jdk-bin-1.8.0.45 -Xms8m 
java_command: com.sun.tools.javac.Main -g GUIPanel.java
java_class_path (initial): /opt/oracle-jdk-bin-1.8.0.45/lib/tools.jar:/opt/oracle-jdk-bin-1.8.0.45/classes
Launcher Type: SUN_STANDARD

Environment Variables:
JAVA_HOME=/etc/java-config-2/current-system-vm
CLASSPATH=.:::/usr/share/jgrasp/extensions/classes
PATH=:/opt/oracle-jdk-bin-1.8.0.45/bin:/usr/local/sbin:/usr/local/bin:/usr/sbin:/usr/bin:/sbin:/bin:/opt/bin:/usr/x86_64-pc-linux-gnu/gcc-bin/4.8.4:/opt/mathematica/bin:/opt/cuda/bin
SHELL=/bin/bash
DISPLAY=:0.0

Signal Handlers:
SIGSEGV: [libjvm.so+0xaad1e0], sa_mask[0]=11111111011111111101111111111110, sa_flags=SA_RESTART|SA_SIGINFO
SIGBUS: [libjvm.so+0xaad1e0], sa_mask[0]=11111111011111111101111111111110, sa_flags=SA_RESTART|SA_SIGINFO
SIGFPE: [libjvm.so+0x90b450], sa_mask[0]=11111111011111111101111111111110, sa_flags=SA_RESTART|SA_SIGINFO
SIGPIPE: [libjvm.so+0x90b450], sa_mask[0]=11111111011111111101111111111110, sa_flags=SA_RESTART|SA_SIGINFO
SIGXFSZ: [libjvm.so+0x90b450], sa_mask[0]=11111111011111111101111111111110, sa_flags=SA_RESTART|SA_SIGINFO
SIGILL: [libjvm.so+0x90b450], sa_mask[0]=11111111011111111101111111111110, sa_flags=SA_RESTART|SA_SIGINFO
SIGUSR1: SIG_DFL, sa_mask[0]=00000000000000000000000000000000, sa_flags=none
SIGUSR2: [libjvm.so+0x90ca90], sa_mask[0]=00100000000000000000000000000000, sa_flags=SA_RESTART|SA_SIGINFO
SIGHUP: SIG_DFL, sa_mask[0]=00000000000000000000000000000000, sa_flags=none
SIGINT: SIG_DFL, sa_mask[0]=00000000000000000000000000000000, sa_flags=none
SIGTERM: SIG_DFL, sa_mask[0]=00000000000000000000000000000000, sa_flags=none
SIGQUIT: SIG_DFL, sa_mask[0]=00000000000000000000000000000000, sa_flags=none


---------------  S Y S T E M  ---------------

OS:Gentoo Base System release 2.2

uname:Linux 3.14.40-wkstn #7 SMP Wed Apr 29 08:47:52 EDT 2015 x86_64
libc:glibc 2.20 NPTL 2.20 
rlimit: STACK 8192k, CORE 0k, NPROC 300, NOFILE 11000, AS infinity
load average:0.07 0.07 0.06

/proc/meminfo:
MemTotal:        3966228 kB
MemFree:         1403444 kB
MemAvailable:    2055404 kB
Buffers:           73072 kB
Cached:           764932 kB
SwapCached:            0 kB
Active:          1831564 kB
Inactive:         511284 kB
Active(anon):    1510920 kB
Inactive(anon):    46100 kB
Active(file):     320644 kB
Inactive(file):   465184 kB
Unevictable:       14872 kB
Mlocked:           14872 kB
SwapTotal:       2097148 kB
SwapFree:        2097148 kB
Dirty:                 0 kB
Writeback:             0 kB
AnonPages:       1519696 kB
Mapped:           240348 kB
Shmem:             46768 kB
Slab:              99224 kB
SReclaimable:      70136 kB
SUnreclaim:        29088 kB
KernelStack:        4240 kB
PageTables:        34264 kB
NFS_Unstable:          0 kB
Bounce:                0 kB
WritebackTmp:          0 kB
CommitLimit:     4080260 kB
Committed_AS:    4871540 kB
VmallocTotal:   34359738367 kB
VmallocUsed:      114092 kB
VmallocChunk:   34359593468 kB
AnonHugePages:    464896 kB
HugePages_Total:       0
HugePages_Free:        0
HugePages_Rsvd:        0
HugePages_Surp:        0
Hugepagesize:       2048 kB
DirectMap4k:      147368 kB
DirectMap2M:     2908160 kB
DirectMap1G:     1048576 kB


CPU:total 4 (4 cores per cpu, 1 threads per core) family 6 model 60 stepping 3, cmov, cx8, fxsr, mmx, sse, sse2, sse3, ssse3, sse4.1, sse4.2, popcnt, avx, avx2, aes, clmul, erms, rtm, lzcnt, tsc, tscinvbit, bmi1, bmi2

/proc/cpuinfo:
processor	: 0
vendor_id	: GenuineIntel
cpu family	: 6
model		: 60
model name	: Intel(R) Core(TM) i5-4590 CPU @ 3.30GHz
stepping	: 3
microcode	: 0x1a
cpu MHz		: 3292.613
cache size	: 6144 KB
physical id	: 0
siblings	: 4
core id		: 0
cpu cores	: 4
apicid		: 0
initial apicid	: 0
fpu		: yes
fpu_exception	: yes
cpuid level	: 13
wp		: yes
flags		: fpu vme de pse tsc msr pae mce cx8 apic sep mtrr pge mca cmov pat pse36 clflush dts acpi mmx fxsr sse sse2 ss ht tm pbe syscall nx pdpe1gb rdtscp lm constant_tsc arch_perfmon pebs bts rep_good nopl xtopology nonstop_tsc aperfmperf eagerfpu pni pclmulqdq dtes64 monitor ds_cpl vmx smx est tm2 ssse3 fma cx16 xtpr pdcm pcid sse4_1 sse4_2 x2apic movbe popcnt tsc_deadline_timer aes xsave avx f16c rdrand lahf_lm abm ida arat epb xsaveopt pln pts dtherm tpr_shadow vnmi flexpriority ept vpid fsgsbase tsc_adjust bmi1 hle avx2 smep bmi2 erms invpcid rtm
bogomips	: 6585.22
clflush size	: 64
cache_alignment	: 64
address sizes	: 39 bits physical, 48 bits virtual
power management:

processor	: 1
vendor_id	: GenuineIntel
cpu family	: 6
model		: 60
model name	: Intel(R) Core(TM) i5-4590 CPU @ 3.30GHz
stepping	: 3
microcode	: 0x1a
cpu MHz		: 3292.613
cache size	: 6144 KB
physical id	: 0
siblings	: 4
core id		: 1
cpu cores	: 4
apicid		: 2
initial apicid	: 2
fpu		: yes
fpu_exception	: yes
cpuid level	: 13
wp		: yes
flags		: fpu vme de pse tsc msr pae mce cx8 apic sep mtrr pge mca cmov pat pse36 clflush dts acpi mmx fxsr sse sse2 ss ht tm pbe syscall nx pdpe1gb rdtscp lm constant_tsc arch_perfmon pebs bts rep_good nopl xtopology nonstop_tsc aperfmperf eagerfpu pni pclmulqdq dtes64 monitor ds_cpl vmx smx est tm2 ssse3 fma cx16 xtpr pdcm pcid sse4_1 sse4_2 x2apic movbe popcnt tsc_deadline_timer aes xsave avx f16c rdrand lahf_lm abm ida arat epb xsaveopt pln pts dtherm tpr_shadow vnmi flexpriority ept vpid fsgsbase tsc_adjust bmi1 hle avx2 smep bmi2 erms invpcid rtm
bogomips	: 6585.22
clflush size	: 64
cache_alignment	: 64
address sizes	: 39 bits physical, 48 bits virtual
power management:

processor	: 2
vendor_id	: GenuineIntel
cpu family	: 6
model		: 60
model name	: Intel(R) Core(TM) i5-4590 CPU @ 3.30GHz
stepping	: 3
microcode	: 0x1a
cpu MHz		: 3292.613
cache size	: 6144 KB
physical id	: 0
siblings	: 4
core id		: 2
cpu cores	: 4
apicid		: 4
initial apicid	: 4
fpu		: yes
fpu_exception	: yes
cpuid level	: 13
wp		: yes
flags		: fpu vme de pse tsc msr pae mce cx8 apic sep mtrr pge mca cmov pat pse36 clflush dts acpi mmx fxsr sse sse2 ss ht tm pbe syscall nx pdpe1gb rdtscp lm constant_tsc arch_perfmon pebs bts rep_good nopl xtopology nonstop_tsc aperfmperf eagerfpu pni pclmulqdq dtes64 monitor ds_cpl vmx smx est tm2 ssse3 fma cx16 xtpr pdcm pcid sse4_1 sse4_2 x2apic movbe popcnt tsc_deadline_timer aes xsave avx f16c rdrand lahf_lm abm ida arat epb xsaveopt pln pts dtherm tpr_shadow vnmi flexpriority ept vpid fsgsbase tsc_adjust bmi1 hle avx2 smep bmi2 erms invpcid rtm
bogomips	: 6585.22
clflush size	: 64
cache_alignment	: 64
address sizes	: 39 bits physical, 48 bits virtual
power management:

processor	: 3
vendor_id	: GenuineIntel
cpu family	: 6
model		: 60
model name	: Intel(R) Core(TM) i5-4590 CPU @ 3.30GHz
stepping	: 3
microcode	: 0x1a
cpu MHz		: 3292.613
cache size	: 6144 KB
physical id	: 0
siblings	: 4
core id		: 3
cpu cores	: 4
apicid		: 6
initial apicid	: 6
fpu		: yes
fpu_exception	: yes
cpuid level	: 13
wp		: yes
flags		: fpu vme de pse tsc msr pae mce cx8 apic sep mtrr pge mca cmov pat pse36 clflush dts acpi mmx fxsr sse sse2 ss ht tm pbe syscall nx pdpe1gb rdtscp lm constant_tsc arch_perfmon pebs bts rep_good nopl xtopology nonstop_tsc aperfmperf eagerfpu pni pclmulqdq dtes64 monitor ds_cpl vmx smx est tm2 ssse3 fma cx16 xtpr pdcm pcid sse4_1 sse4_2 x2apic movbe popcnt tsc_deadline_timer aes xsave avx f16c rdrand lahf_lm abm ida arat epb xsaveopt pln pts dtherm tpr_shadow vnmi flexpriority ept vpid fsgsbase tsc_adjust bmi1 hle avx2 smep bmi2 erms invpcid rtm
bogomips	: 6585.22
clflush size	: 64
cache_alignment	: 64
address sizes	: 39 bits physical, 48 bits virtual
power management:



Memory: 4k page, physical 3966228k(1403444k free), swap 2097148k(2097148k free)

vm_info: Java HotSpot(TM) 64-Bit Server VM (25.45-b02) for linux-amd64 JRE (1.8.0_45-b14), built on Apr 10 2015 10:07:45 by "java_re" with gcc 4.3.0 20080428 (Red Hat 4.3.0-8)

time: Mon May 11 11:44:52 2015
elapsed time: 0 seconds (0d 0h 0m 0s)

